<?xml version="1.0" encoding="UTF-8" ?>
<testsuite tests="20" failures="0" name="tests.SearchTest" time="0.132" errors="8" skipped="12">
  <properties>
    <property name="java.runtime.name" value="Java(TM) SE Runtime Environment"/>
    <property name="sun.boot.library.path" value="C:\Program Files\Java\jdk1.8.0_231\jre\bin"/>
    <property name="java.vm.version" value="25.231-b11"/>
    <property name="user.country.format" value="RU"/>
    <property name="java.vm.vendor" value="Oracle Corporation"/>
    <property name="maven.multiModuleProjectDirectory" value="C:\Luxoft\2021\projects\CucLab4"/>
    <property name="java.vendor.url" value="http://java.oracle.com/"/>
    <property name="path.separator" value=";"/>
    <property name="guice.disable.misplaced.annotation.check" value="true"/>
    <property name="java.vm.name" value="Java HotSpot(TM) 64-Bit Server VM"/>
    <property name="file.encoding.pkg" value="sun.io"/>
    <property name="user.script" value=""/>
    <property name="user.country" value="US"/>
    <property name="sun.java.launcher" value="SUN_STANDARD"/>
    <property name="sun.os.patch.level" value=""/>
    <property name="java.vm.specification.name" value="Java Virtual Machine Specification"/>
    <property name="user.dir" value="C:\Luxoft\2021\projects\CucLab4"/>
    <property name="java.runtime.version" value="1.8.0_231-b11"/>
    <property name="java.awt.graphicsenv" value="sun.awt.Win32GraphicsEnvironment"/>
    <property name="java.endorsed.dirs" value="C:\Program Files\Java\jdk1.8.0_231\jre\lib\endorsed"/>
    <property name="os.arch" value="amd64"/>
    <property name="java.io.tmpdir" value="C:\Users\VITALY~1\AppData\Local\Temp\"/>
    <property name="line.separator" value="
"/>
    <property name="java.vm.specification.vendor" value="Oracle Corporation"/>
    <property name="user.variant" value=""/>
    <property name="os.name" value="Windows 10"/>
    <property name="classworlds.conf" value="C:\_MAVEN\apache-maven-3.6.2\bin\..\bin\m2.conf"/>
    <property name="sun.jnu.encoding" value="Cp1251"/>
    <property name="java.library.path" value="C:\Program Files\Java\jdk1.8.0_231\bin;C:\WINDOWS\Sun\Java\bin;C:\WINDOWS\system32;C:\WINDOWS;C:\Program Files (x86)\Common Files\Oracle\Java\javapath;C:\WINDOWS\system32;C:\WINDOWS;C:\WINDOWS\System32\Wbem;C:\WINDOWS\System32\WindowsPowerShell\v1.0\;C:\WINDOWS\System32\OpenSSH\;C:\Program Files\Intel\WiFi\bin\;C:\Program Files\Common Files\Intel\WirelessCommon\;C:\Program Files (x86)\IBM\Personal Communications\;C:\Program Files (x86)\IBM\Trace Facility\;C:\_MAVEN\apache-maven-3.6.2\bin;C:\Program Files\Java\jdk1.8.0_231\bin;C:\Program Files (x86)\Symantec\VIP Access Client\;C:\Users\VitalyCooper\AppData\Local\Programs\Python\Python39\Scripts\;C:\Users\VitalyCooper\AppData\Local\Programs\Python\Python39\;C:\Users\VitalyCooper\AppData\Local\Microsoft\WindowsApps;C:\Program Files\Intel\WiFi\bin\;C:\Program Files\Common Files\Intel\WirelessCommon\;C:\Users\VitalyCooper\AppData\Local\Programs\Microsoft VS Code\bin;C:\Program Files\IBM\Cloud\bin;C:\Program Files\Java\jdk1.8.0_231\bin;c:\_MAVEN\apache-maven-3.6.2\bin;;."/>
    <property name="maven.conf" value="C:\_MAVEN\apache-maven-3.6.2\bin\../conf"/>
    <property name="java.specification.name" value="Java Platform API Specification"/>
    <property name="java.class.version" value="52.0"/>
    <property name="sun.management.compiler" value="HotSpot 64-Bit Tiered Compilers"/>
    <property name="os.version" value="10.0"/>
    <property name="library.jansi.path" value="C:\_MAVEN\apache-maven-3.6.2\bin\..\lib\jansi-native"/>
    <property name="user.home" value="C:\Users\VitalyCooper"/>
    <property name="user.timezone" value="Europe/Moscow"/>
    <property name="java.awt.printerjob" value="sun.awt.windows.WPrinterJob"/>
    <property name="java.specification.version" value="1.8"/>
    <property name="file.encoding" value="Cp1251"/>
    <property name="user.name" value="VitalyCooper"/>
    <property name="java.class.path" value="C:\_MAVEN\apache-maven-3.6.2\bin\..\boot\plexus-classworlds-2.6.0.jar"/>
    <property name="java.vm.specification.version" value="1.8"/>
    <property name="sun.arch.data.model" value="64"/>
    <property name="java.home" value="C:\Program Files\Java\jdk1.8.0_231\jre"/>
    <property name="sun.java.command" value="org.codehaus.plexus.classworlds.launcher.Launcher test install"/>
    <property name="java.specification.vendor" value="Oracle Corporation"/>
    <property name="user.language" value="en"/>
    <property name="user.language.format" value="ru"/>
    <property name="awt.toolkit" value="sun.awt.windows.WToolkit"/>
    <property name="java.vm.info" value="mixed mode"/>
    <property name="java.version" value="1.8.0_231"/>
    <property name="java.ext.dirs" value="C:\Program Files\Java\jdk1.8.0_231\jre\lib\ext;C:\WINDOWS\Sun\Java\lib\ext"/>
    <property name="sun.boot.class.path" value="C:\Program Files\Java\jdk1.8.0_231\jre\lib\resources.jar;C:\Program Files\Java\jdk1.8.0_231\jre\lib\rt.jar;C:\Program Files\Java\jdk1.8.0_231\jre\lib\sunrsasign.jar;C:\Program Files\Java\jdk1.8.0_231\jre\lib\jsse.jar;C:\Program Files\Java\jdk1.8.0_231\jre\lib\jce.jar;C:\Program Files\Java\jdk1.8.0_231\jre\lib\charsets.jar;C:\Program Files\Java\jdk1.8.0_231\jre\lib\jfr.jar;C:\Program Files\Java\jdk1.8.0_231\jre\classes"/>
    <property name="sun.stderr.encoding" value="cp866"/>
    <property name="java.vendor" value="Oracle Corporation"/>
    <property name="maven.home" value="C:\_MAVEN\apache-maven-3.6.2\bin\.."/>
    <property name="file.separator" value="\"/>
    <property name="java.vendor.url.bug" value="http://bugreport.sun.com/bugreport/"/>
    <property name="sun.cpu.endian" value="little"/>
    <property name="sun.io.unicode.encoding" value="UnicodeLittle"/>
    <property name="sun.stdout.encoding" value="cp866"/>
    <property name="sun.desktop" value="windows"/>
    <property name="sun.cpu.isalist" value="amd64"/>
  </properties>
  <testcase classname="Scenario: Search results should display the search term in the page title when pressing &quot;enter&quot;" name="Given A Google search page" time="0.016">
    <error type="java.lang.ExceptionInInitializerError">java.lang.ExceptionInInitializerError
	at page.SearchQueryPage.&lt;clinit&gt;(SearchQueryPage.java:11)
	at tests.SearchSteps.A_Google_search_page(SearchSteps.java:43)
	at ✽.Given A Google search page(search.feature:4)
Caused by: java.lang.ClassCastException: org.hibernate.validator.internal.engine.ValidatorImpl cannot be cast to javax.xml.validation.Validator
	at utils.TestConf.&lt;clinit&gt;(TestConf.java:24)
	at page.SearchQueryPage.&lt;clinit&gt;(SearchQueryPage.java:11)
	at tests.SearchSteps.A_Google_search_page(SearchSteps.java:43)
	at sun.reflect.NativeMethodAccessorImpl.invoke0(Native Method)
	at sun.reflect.NativeMethodAccessorImpl.invoke(NativeMethodAccessorImpl.java:62)
	at sun.reflect.DelegatingMethodAccessorImpl.invoke(DelegatingMethodAccessorImpl.java:43)
	at java.lang.reflect.Method.invoke(Method.java:498)
	at cucumber.runtime.Utils$1.call(Utils.java:34)
	at cucumber.runtime.Timeout.timeout(Timeout.java:13)
	at cucumber.runtime.Utils.invoke(Utils.java:30)
	at cucumber.runtime.java.JavaStepDefinition.execute(JavaStepDefinition.java:35)
	at cucumber.runtime.StepDefinitionMatch.runStep(StepDefinitionMatch.java:37)
	at cucumber.runtime.Runtime.runStep(Runtime.java:297)
	at cucumber.runtime.model.StepContainer.runStep(StepContainer.java:44)
	at cucumber.runtime.model.StepContainer.runSteps(StepContainer.java:39)
	at cucumber.runtime.model.CucumberScenario.run(CucumberScenario.java:48)
	at cucumber.runtime.junit.ExecutionUnitRunner.run(ExecutionUnitRunner.java:83)
	at cucumber.runtime.junit.FeatureRunner.runChild(FeatureRunner.java:63)
	at cucumber.runtime.junit.FeatureRunner.runChild(FeatureRunner.java:18)
	at org.junit.runners.ParentRunner$3.run(ParentRunner.java:238)
	at org.junit.runners.ParentRunner$1.schedule(ParentRunner.java:63)
	at org.junit.runners.ParentRunner.runChildren(ParentRunner.java:236)
	at org.junit.runners.ParentRunner.access$000(ParentRunner.java:53)
	at org.junit.runners.ParentRunner$2.evaluate(ParentRunner.java:229)
	at org.junit.runners.ParentRunner.run(ParentRunner.java:309)
	at cucumber.runtime.junit.FeatureRunner.run(FeatureRunner.java:70)
	at cucumber.api.junit.Cucumber.runChild(Cucumber.java:89)
	at cucumber.api.junit.Cucumber.runChild(Cucumber.java:40)
	at org.junit.runners.ParentRunner$3.run(ParentRunner.java:238)
	at org.junit.runners.ParentRunner$1.schedule(ParentRunner.java:63)
	at org.junit.runners.ParentRunner.runChildren(ParentRunner.java:236)
	at org.junit.runners.ParentRunner.access$000(ParentRunner.java:53)
	at org.junit.runners.ParentRunner$2.evaluate(ParentRunner.java:229)
	at org.junit.runners.ParentRunner.run(ParentRunner.java:309)
	at cucumber.api.junit.Cucumber.run(Cucumber.java:94)
	at org.apache.maven.surefire.junit4.JUnit4Provider.execute(JUnit4Provider.java:252)
	at org.apache.maven.surefire.junit4.JUnit4Provider.executeTestSet(JUnit4Provider.java:141)
	at org.apache.maven.surefire.junit4.JUnit4Provider.invoke(JUnit4Provider.java:112)
	at sun.reflect.NativeMethodAccessorImpl.invoke0(Native Method)
	at sun.reflect.NativeMethodAccessorImpl.invoke(NativeMethodAccessorImpl.java:62)
	at sun.reflect.DelegatingMethodAccessorImpl.invoke(DelegatingMethodAccessorImpl.java:43)
	at java.lang.reflect.Method.invoke(Method.java:498)
	at org.apache.maven.surefire.util.ReflectionUtils.invokeMethodWithArray(ReflectionUtils.java:189)
	at org.apache.maven.surefire.booter.ProviderFactory$ProviderProxy.invoke(ProviderFactory.java:165)
	at org.apache.maven.surefire.booter.ProviderFactory.invokeProvider(ProviderFactory.java:85)
	at org.apache.maven.surefire.booter.ForkedBooter.runSuitesInProcess(ForkedBooter.java:115)
	at org.apache.maven.surefire.booter.ForkedBooter.main(ForkedBooter.java:75)
</error>
    <system-out>17:14:18.609 [main] DEBUG org.jboss.logging - Logging Provider: org.jboss.logging.Slf4jLoggerProvider
17:14:18.625 [main] INFO  o.h.validator.internal.util.Version - HV000001: Hibernate Validator 4.3.0.Final
17:14:18.640 [main] DEBUG o.h.v.i.e.r.DefaultTraversableResolver - Cannot find javax.persistence.Persistence on classpath. Assuming non JPA 2 environment. All properties will per default be traversable.
17:14:18.640 [main] DEBUG o.h.v.i.xml.ValidationXmlParser - Trying to load META-INF/validation.xml for XML based Validator configuration.
17:14:18.656 [main] DEBUG o.h.v.i.xml.ValidationXmlParser - No META-INF/validation.xml found. Using annotation based configuration only.
</system-out>
  </testcase>
  <testcase classname="Scenario: Search results should display the search term in the page title when pressing &quot;enter&quot;" name="Scenario: Search results should display the search term in the page title when pressing &quot;enter&quot;" time="0.016">
    <error type="java.lang.ExceptionInInitializerError">java.lang.ExceptionInInitializerError
	at page.SearchQueryPage.&lt;clinit&gt;(SearchQueryPage.java:11)
	at tests.SearchSteps.A_Google_search_page(SearchSteps.java:43)
	at ✽.Given A Google search page(search.feature:4)
Caused by: java.lang.ClassCastException: org.hibernate.validator.internal.engine.ValidatorImpl cannot be cast to javax.xml.validation.Validator
	at utils.TestConf.&lt;clinit&gt;(TestConf.java:24)
	at page.SearchQueryPage.&lt;clinit&gt;(SearchQueryPage.java:11)
	at tests.SearchSteps.A_Google_search_page(SearchSteps.java:43)
	at sun.reflect.NativeMethodAccessorImpl.invoke0(Native Method)
	at sun.reflect.NativeMethodAccessorImpl.invoke(NativeMethodAccessorImpl.java:62)
	at sun.reflect.DelegatingMethodAccessorImpl.invoke(DelegatingMethodAccessorImpl.java:43)
	at java.lang.reflect.Method.invoke(Method.java:498)
	at cucumber.runtime.Utils$1.call(Utils.java:34)
	at cucumber.runtime.Timeout.timeout(Timeout.java:13)
	at cucumber.runtime.Utils.invoke(Utils.java:30)
	at cucumber.runtime.java.JavaStepDefinition.execute(JavaStepDefinition.java:35)
	at cucumber.runtime.StepDefinitionMatch.runStep(StepDefinitionMatch.java:37)
	at cucumber.runtime.Runtime.runStep(Runtime.java:297)
	at cucumber.runtime.model.StepContainer.runStep(StepContainer.java:44)
	at cucumber.runtime.model.StepContainer.runSteps(StepContainer.java:39)
	at cucumber.runtime.model.CucumberScenario.run(CucumberScenario.java:48)
	at cucumber.runtime.junit.ExecutionUnitRunner.run(ExecutionUnitRunner.java:83)
	at cucumber.runtime.junit.FeatureRunner.runChild(FeatureRunner.java:63)
	at cucumber.runtime.junit.FeatureRunner.runChild(FeatureRunner.java:18)
	at org.junit.runners.ParentRunner$3.run(ParentRunner.java:238)
	at org.junit.runners.ParentRunner$1.schedule(ParentRunner.java:63)
	at org.junit.runners.ParentRunner.runChildren(ParentRunner.java:236)
	at org.junit.runners.ParentRunner.access$000(ParentRunner.java:53)
	at org.junit.runners.ParentRunner$2.evaluate(ParentRunner.java:229)
	at org.junit.runners.ParentRunner.run(ParentRunner.java:309)
	at cucumber.runtime.junit.FeatureRunner.run(FeatureRunner.java:70)
	at cucumber.api.junit.Cucumber.runChild(Cucumber.java:89)
	at cucumber.api.junit.Cucumber.runChild(Cucumber.java:40)
	at org.junit.runners.ParentRunner$3.run(ParentRunner.java:238)
	at org.junit.runners.ParentRunner$1.schedule(ParentRunner.java:63)
	at org.junit.runners.ParentRunner.runChildren(ParentRunner.java:236)
	at org.junit.runners.ParentRunner.access$000(ParentRunner.java:53)
	at org.junit.runners.ParentRunner$2.evaluate(ParentRunner.java:229)
	at org.junit.runners.ParentRunner.run(ParentRunner.java:309)
	at cucumber.api.junit.Cucumber.run(Cucumber.java:94)
	at org.apache.maven.surefire.junit4.JUnit4Provider.execute(JUnit4Provider.java:252)
	at org.apache.maven.surefire.junit4.JUnit4Provider.executeTestSet(JUnit4Provider.java:141)
	at org.apache.maven.surefire.junit4.JUnit4Provider.invoke(JUnit4Provider.java:112)
	at sun.reflect.NativeMethodAccessorImpl.invoke0(Native Method)
	at sun.reflect.NativeMethodAccessorImpl.invoke(NativeMethodAccessorImpl.java:62)
	at sun.reflect.DelegatingMethodAccessorImpl.invoke(DelegatingMethodAccessorImpl.java:43)
	at java.lang.reflect.Method.invoke(Method.java:498)
	at org.apache.maven.surefire.util.ReflectionUtils.invokeMethodWithArray(ReflectionUtils.java:189)
	at org.apache.maven.surefire.booter.ProviderFactory$ProviderProxy.invoke(ProviderFactory.java:165)
	at org.apache.maven.surefire.booter.ProviderFactory.invokeProvider(ProviderFactory.java:85)
	at org.apache.maven.surefire.booter.ForkedBooter.runSuitesInProcess(ForkedBooter.java:115)
	at org.apache.maven.surefire.booter.ForkedBooter.main(ForkedBooter.java:75)
</error>
  </testcase>
  <testcase classname="Scenario: Search results should display the search term in the page title when pressing &quot;enter&quot;" name="When I enter the search term &quot;cats&quot;" time="0.031">
    <skipped/>
  </testcase>
  <testcase classname="Scenario: Search results should display the search term in the page title when pressing &quot;enter&quot;" name="And I submit the search by pressing &quot;enter&quot;" time="0.031">
    <skipped/>
  </testcase>
  <testcase classname="Scenario: Search results should display the search term in the page title when pressing &quot;enter&quot;" name="Then The search result page title should contain the search term" time="0.038">
    <skipped/>
  </testcase>
  <testcase classname="Scenario: Search results should display the search term in the page title when pressing &quot;search&quot;" name="Given A Google search page" time="0">
    <error message="Could not initialize class page.SearchQueryPage" type="java.lang.NoClassDefFoundError">java.lang.NoClassDefFoundError: Could not initialize class page.SearchQueryPage
	at tests.SearchSteps.A_Google_search_page(SearchSteps.java:43)
	at ✽.Given A Google search page(search.feature:11)
</error>
  </testcase>
  <testcase classname="Scenario: Search results should display the search term in the page title when pressing &quot;search&quot;" name="Scenario: Search results should display the search term in the page title when pressing &quot;search&quot;" time="0">
    <error message="Could not initialize class page.SearchQueryPage" type="java.lang.NoClassDefFoundError">java.lang.NoClassDefFoundError: Could not initialize class page.SearchQueryPage
	at tests.SearchSteps.A_Google_search_page(SearchSteps.java:43)
	at ✽.Given A Google search page(search.feature:11)
</error>
  </testcase>
  <testcase classname="Scenario: Search results should display the search term in the page title when pressing &quot;search&quot;" name="When I enter the search term &quot;dogs&quot;" time="0">
    <skipped/>
  </testcase>
  <testcase classname="Scenario: Search results should display the search term in the page title when pressing &quot;search&quot;" name="And I submit the search by pressing &quot;search&quot;" time="0">
    <skipped/>
  </testcase>
  <testcase classname="Scenario: Search results should display the search term in the page title when pressing &quot;search&quot;" name="Then The search result page title should contain the search term" time="0">
    <skipped/>
  </testcase>
  <testcase classname="| cats | enter |" name="Given A Google search page" time="0">
    <error message="Could not initialize class page.SearchQueryPage" type="java.lang.NoClassDefFoundError">java.lang.NoClassDefFoundError: Could not initialize class page.SearchQueryPage
	at tests.SearchSteps.A_Google_search_page(SearchSteps.java:43)
	at ✽.Given A Google search page(search.feature:17)
</error>
  </testcase>
  <testcase classname="| cats | enter |" name="| cats | enter |" time="0">
    <error message="Could not initialize class page.SearchQueryPage" type="java.lang.NoClassDefFoundError">java.lang.NoClassDefFoundError: Could not initialize class page.SearchQueryPage
	at tests.SearchSteps.A_Google_search_page(SearchSteps.java:43)
	at ✽.Given A Google search page(search.feature:17)
</error>
  </testcase>
  <testcase classname="| cats | enter |" name="When I enter the search term &quot;cats&quot;" time="0">
    <skipped/>
  </testcase>
  <testcase classname="| cats | enter |" name="And I submit the search by pressing &quot;enter&quot;" time="0">
    <skipped/>
  </testcase>
  <testcase classname="| cats | enter |" name="Then The search result page title should contain the search term" time="0">
    <skipped/>
  </testcase>
  <testcase classname="| dogs | search |" name="Given A Google search page" time="0">
    <error message="Could not initialize class page.SearchQueryPage" type="java.lang.NoClassDefFoundError">java.lang.NoClassDefFoundError: Could not initialize class page.SearchQueryPage
	at tests.SearchSteps.A_Google_search_page(SearchSteps.java:43)
	at ✽.Given A Google search page(search.feature:17)
</error>
  </testcase>
  <testcase classname="| dogs | search |" name="| dogs | search |" time="0">
    <error message="Could not initialize class page.SearchQueryPage" type="java.lang.NoClassDefFoundError">java.lang.NoClassDefFoundError: Could not initialize class page.SearchQueryPage
	at tests.SearchSteps.A_Google_search_page(SearchSteps.java:43)
	at ✽.Given A Google search page(search.feature:17)
</error>
  </testcase>
  <testcase classname="| dogs | search |" name="When I enter the search term &quot;dogs&quot;" time="0">
    <skipped/>
  </testcase>
  <testcase classname="| dogs | search |" name="And I submit the search by pressing &quot;search&quot;" time="0">
    <skipped/>
  </testcase>
  <testcase classname="| dogs | search |" name="Then The search result page title should contain the search term" time="0">
    <skipped/>
  </testcase>
</testsuite>