<?xml version="1.0" encoding="UTF-8" ?>
<testsuite tests="20" failures="0" name="tests.SearchTest" time="0.132" errors="8" skipped="12">
  <properties>
[...]
</properties>
  <testcase classname="Scenario: Search results should display the search term in the page title when pressing &quot;enter&quot;" name="Given A Google search page" time="0.016">
    <error type="java.lang.ExceptionInInitializerError">java.lang.ExceptionInInitializerError
	at page.SearchQueryPage.&lt;clinit&gt;(SearchQueryPage.java:11)
	at tests.SearchSteps.A_Google_search_page(SearchSteps.java:43)
	at ✽.Given A Google search page(search.feature:4)
Caused by: java.lang.ClassCastException: org.hibernate.validator.internal.engine.ValidatorImpl cannot be cast to javax.xml.validation.Validator
	at utils.TestConf.&lt;clinit&gt;(TestConf.java:24)
	at page.SearchQueryPage.&lt;clinit&gt;(SearchQueryPage.java:11)
	at tests.SearchSteps.A_Google_search_page(SearchSteps.java:43)
	at sun.reflect.NativeMethodAccessorImpl.invoke0(Native Method)
	at sun.reflect.NativeMethodAccessorImpl.invoke(NativeMethodAccessorImpl.java:62)
	at sun.reflect.DelegatingMethodAccessorImpl.invoke(DelegatingMethodAccessorImpl.java:43)
	at java.lang.reflect.Method.invoke(Method.java:498)
	at cucumber.runtime.Utils$1.call(Utils.java:34)
	at cucumber.runtime.Timeout.timeout(Timeout.java:13)
	at cucumber.runtime.Utils.invoke(Utils.java:30)
	at cucumber.runtime.java.JavaStepDefinition.execute(JavaStepDefinition.java:35)
	at cucumber.runtime.StepDefinitionMatch.runStep(StepDefinitionMatch.java:37)
	at cucumber.runtime.Runtime.runStep(Runtime.java:297)
	at cucumber.runtime.model.StepContainer.runStep(StepContainer.java:44)
	at cucumber.runtime.model.StepContainer.runSteps(StepContainer.java:39)
	at cucumber.runtime.model.CucumberScenario.run(CucumberScenario.java:48)
	at cucumber.runtime.junit.ExecutionUnitRunner.run(ExecutionUnitRunner.java:83)
	at cucumber.runtime.junit.FeatureRunner.runChild(FeatureRunner.java:63)
	at cucumber.runtime.junit.FeatureRunner.runChild(FeatureRunner.java:18)
	at org.junit.runners.ParentRunner$3.run(ParentRunner.java:238)
	at org.junit.runners.ParentRunner$1.schedule(ParentRunner.java:63)
	at org.junit.runners.ParentRunner.runChildren(ParentRunner.java:236)
	at org.junit.runners.ParentRunner.access$000(ParentRunner.java:53)
	at org.junit.runners.ParentRunner$2.evaluate(ParentRunner.java:229)
	at org.junit.runners.ParentRunner.run(ParentRunner.java:309)
	at cucumber.runtime.junit.FeatureRunner.run(FeatureRunner.java:70)
	at cucumber.api.junit.Cucumber.runChild(Cucumber.java:89)
	at cucumber.api.junit.Cucumber.runChild(Cucumber.java:40)
	at org.junit.runners.ParentRunner$3.run(ParentRunner.java:238)
	at org.junit.runners.ParentRunner$1.schedule(ParentRunner.java:63)
	at org.junit.runners.ParentRunner.runChildren(ParentRunner.java:236)
	at org.junit.runners.ParentRunner.access$000(ParentRunner.java:53)
	at org.junit.runners.ParentRunner$2.evaluate(ParentRunner.java:229)
	at org.junit.runners.ParentRunner.run(ParentRunner.java:309)
	at cucumber.api.junit.Cucumber.run(Cucumber.java:94)
	at org.apache.maven.surefire.junit4.JUnit4Provider.execute(JUnit4Provider.java:252)
	at org.apache.maven.surefire.junit4.JUnit4Provider.executeTestSet(JUnit4Provider.java:141)
	at org.apache.maven.surefire.junit4.JUnit4Provider.invoke(JUnit4Provider.java:112)
	at sun.reflect.NativeMethodAccessorImpl.invoke0(Native Method)
	at sun.reflect.NativeMethodAccessorImpl.invoke(NativeMethodAccessorImpl.java:62)
	at sun.reflect.DelegatingMethodAccessorImpl.invoke(DelegatingMethodAccessorImpl.java:43)
	at java.lang.reflect.Method.invoke(Method.java:498)
	at org.apache.maven.surefire.util.ReflectionUtils.invokeMethodWithArray(ReflectionUtils.java:189)
	at org.apache.maven.surefire.booter.ProviderFactory$ProviderProxy.invoke(ProviderFactory.java:165)
	at org.apache.maven.surefire.booter.ProviderFactory.invokeProvider(ProviderFactory.java:85)
	at org.apache.maven.surefire.booter.ForkedBooter.runSuitesInProcess(ForkedBooter.java:115)
	at org.apache.maven.surefire.booter.ForkedBooter.main(ForkedBooter.java:75)
</error>
    <system-out>17:14:18.609 [main] DEBUG org.jboss.logging - Logging Provider: org.jboss.logging.Slf4jLoggerProvider
17:14:18.625 [main] INFO  o.h.validator.internal.util.Version - HV000001: Hibernate Validator 4.3.0.Final
17:14:18.640 [main] DEBUG o.h.v.i.e.r.DefaultTraversableResolver - Cannot find javax.persistence.Persistence on classpath. Assuming non JPA 2 environment. All properties will per default be traversable.
17:14:18.640 [main] DEBUG o.h.v.i.xml.ValidationXmlParser - Trying to load META-INF/validation.xml for XML based Validator configuration.
17:14:18.656 [main] DEBUG o.h.v.i.xml.ValidationXmlParser - No META-INF/validation.xml found. Using annotation based configuration only.
</system-out>
  </testcase>
  <testcase classname="Scenario: Search results should display the search term in the page title when pressing &quot;enter&quot;" name="Scenario: Search results should display the search term in the page title when pressing &quot;enter&quot;" time="0.016">
    <error type="java.lang.ExceptionInInitializerError">java.lang.ExceptionInInitializerError
	at page.SearchQueryPage.&lt;clinit&gt;(SearchQueryPage.java:11)
	at tests.SearchSteps.A_Google_search_page(SearchSteps.java:43)
	at ✽.Given A Google search page(search.feature:4)
Caused by: java.lang.ClassCastException: org.hibernate.validator.internal.engine.ValidatorImpl cannot be cast to javax.xml.validation.Validator
	at utils.TestConf.&lt;clinit&gt;(TestConf.java:24)
	at page.SearchQueryPage.&lt;clinit&gt;(SearchQueryPage.java:11)
	at tests.SearchSteps.A_Google_search_page(SearchSteps.java:43)
	at sun.reflect.NativeMethodAccessorImpl.invoke0(Native Method)
	at sun.reflect.NativeMethodAccessorImpl.invoke(NativeMethodAccessorImpl.java:62)
	at sun.reflect.DelegatingMethodAccessorImpl.invoke(DelegatingMethodAccessorImpl.java:43)
	at java.lang.reflect.Method.invoke(Method.java:498)
	at cucumber.runtime.Utils$1.call(Utils.java:34)
	at cucumber.runtime.Timeout.timeout(Timeout.java:13)
	at cucumber.runtime.Utils.invoke(Utils.java:30)
	at cucumber.runtime.java.JavaStepDefinition.execute(JavaStepDefinition.java:35)
	at cucumber.runtime.StepDefinitionMatch.runStep(StepDefinitionMatch.java:37)
	at cucumber.runtime.Runtime.runStep(Runtime.java:297)
	at cucumber.runtime.model.StepContainer.runStep(StepContainer.java:44)
	at cucumber.runtime.model.StepContainer.runSteps(StepContainer.java:39)
	at cucumber.runtime.model.CucumberScenario.run(CucumberScenario.java:48)
	at cucumber.runtime.junit.ExecutionUnitRunner.run(ExecutionUnitRunner.java:83)
	at cucumber.runtime.junit.FeatureRunner.runChild(FeatureRunner.java:63)
	at cucumber.runtime.junit.FeatureRunner.runChild(FeatureRunner.java:18)
	at org.junit.runners.ParentRunner$3.run(ParentRunner.java:238)
	at org.junit.runners.ParentRunner$1.schedule(ParentRunner.java:63)
	at org.junit.runners.ParentRunner.runChildren(ParentRunner.java:236)
	at org.junit.runners.ParentRunner.access$000(ParentRunner.java:53)
	at org.junit.runners.ParentRunner$2.evaluate(ParentRunner.java:229)
	at org.junit.runners.ParentRunner.run(ParentRunner.java:309)
	at cucumber.runtime.junit.FeatureRunner.run(FeatureRunner.java:70)
	at cucumber.api.junit.Cucumber.runChild(Cucumber.java:89)
	at cucumber.api.junit.Cucumber.runChild(Cucumber.java:40)
	at org.junit.runners.ParentRunner$3.run(ParentRunner.java:238)
	at org.junit.runners.ParentRunner$1.schedule(ParentRunner.java:63)
	at org.junit.runners.ParentRunner.runChildren(ParentRunner.java:236)
	at org.junit.runners.ParentRunner.access$000(ParentRunner.java:53)
	at org.junit.runners.ParentRunner$2.evaluate(ParentRunner.java:229)
	at org.junit.runners.ParentRunner.run(ParentRunner.java:309)
	at cucumber.api.junit.Cucumber.run(Cucumber.java:94)
	at org.apache.maven.surefire.junit4.JUnit4Provider.execute(JUnit4Provider.java:252)
	at org.apache.maven.surefire.junit4.JUnit4Provider.executeTestSet(JUnit4Provider.java:141)
	at org.apache.maven.surefire.junit4.JUnit4Provider.invoke(JUnit4Provider.java:112)
	at sun.reflect.NativeMethodAccessorImpl.invoke0(Native Method)
	at sun.reflect.NativeMethodAccessorImpl.invoke(NativeMethodAccessorImpl.java:62)
	at sun.reflect.DelegatingMethodAccessorImpl.invoke(DelegatingMethodAccessorImpl.java:43)
	at java.lang.reflect.Method.invoke(Method.java:498)
	at org.apache.maven.surefire.util.ReflectionUtils.invokeMethodWithArray(ReflectionUtils.java:189)
	at org.apache.maven.surefire.booter.ProviderFactory$ProviderProxy.invoke(ProviderFactory.java:165)
	at org.apache.maven.surefire.booter.ProviderFactory.invokeProvider(ProviderFactory.java:85)
	at org.apache.maven.surefire.booter.ForkedBooter.runSuitesInProcess(ForkedBooter.java:115)
	at org.apache.maven.surefire.booter.ForkedBooter.main(ForkedBooter.java:75)
</error>
  </testcase>
  <testcase classname="Scenario: Search results should display the search term in the page title when pressing &quot;enter&quot;" name="When I enter the search term &quot;cats&quot;" time="0.031">
    <skipped/>
  </testcase>
  <testcase classname="Scenario: Search results should display the search term in the page title when pressing &quot;enter&quot;" name="And I submit the search by pressing &quot;enter&quot;" time="0.031">
    <skipped/>
  </testcase>
  <testcase classname="Scenario: Search results should display the search term in the page title when pressing &quot;enter&quot;" name="Then The search result page title should contain the search term" time="0.038">
    <skipped/>
  </testcase>
  <testcase classname="Scenario: Search results should display the search term in the page title when pressing &quot;search&quot;" name="Given A Google search page" time="0">
    <error message="Could not initialize class page.SearchQueryPage" type="java.lang.NoClassDefFoundError">java.lang.NoClassDefFoundError: Could not initialize class page.SearchQueryPage
	at tests.SearchSteps.A_Google_search_page(SearchSteps.java:43)
	at ✽.Given A Google search page(search.feature:11)
</error>
  </testcase>
  <testcase classname="Scenario: Search results should display the search term in the page title when pressing &quot;search&quot;" name="Scenario: Search results should display the search term in the page title when pressing &quot;search&quot;" time="0">
    <error message="Could not initialize class page.SearchQueryPage" type="java.lang.NoClassDefFoundError">java.lang.NoClassDefFoundError: Could not initialize class page.SearchQueryPage
	at tests.SearchSteps.A_Google_search_page(SearchSteps.java:43)
	at ✽.Given A Google search page(search.feature:11)
</error>
  </testcase>
  <testcase classname="Scenario: Search results should display the search term in the page title when pressing &quot;search&quot;" name="When I enter the search term &quot;dogs&quot;" time="0">
    <skipped/>
  </testcase>
  <testcase classname="Scenario: Search results should display the search term in the page title when pressing &quot;search&quot;" name="And I submit the search by pressing &quot;search&quot;" time="0">
    <skipped/>
  </testcase>
  <testcase classname="Scenario: Search results should display the search term in the page title when pressing &quot;search&quot;" name="Then The search result page title should contain the search term" time="0">
    <skipped/>
  </testcase>
  <testcase classname="| cats | enter |" name="Given A Google search page" time="0">
    <error message="Could not initialize class page.SearchQueryPage" type="java.lang.NoClassDefFoundError">java.lang.NoClassDefFoundError: Could not initialize class page.SearchQueryPage
	at tests.SearchSteps.A_Google_search_page(SearchSteps.java:43)
	at ✽.Given A Google search page(search.feature:17)
</error>
  </testcase>
  <testcase classname="| cats | enter |" name="| cats | enter |" time="0">
    <error message="Could not initialize class page.SearchQueryPage" type="java.lang.NoClassDefFoundError">java.lang.NoClassDefFoundError: Could not initialize class page.SearchQueryPage
	at tests.SearchSteps.A_Google_search_page(SearchSteps.java:43)
	at ✽.Given A Google search page(search.feature:17)
</error>
  </testcase>
  <testcase classname="| cats | enter |" name="When I enter the search term &quot;cats&quot;" time="0">
    <skipped/>
  </testcase>
  <testcase classname="| cats | enter |" name="And I submit the search by pressing &quot;enter&quot;" time="0">
    <skipped/>
  </testcase>
  <testcase classname="| cats | enter |" name="Then The search result page title should contain the search term" time="0">
    <skipped/>
  </testcase>
  <testcase classname="| dogs | search |" name="Given A Google search page" time="0">
    <error message="Could not initialize class page.SearchQueryPage" type="java.lang.NoClassDefFoundError">java.lang.NoClassDefFoundError: Could not initialize class page.SearchQueryPage
	at tests.SearchSteps.A_Google_search_page(SearchSteps.java:43)
	at ✽.Given A Google search page(search.feature:17)
</error>
  </testcase>
  <testcase classname="| dogs | search |" name="| dogs | search |" time="0">
    <error message="Could not initialize class page.SearchQueryPage" type="java.lang.NoClassDefFoundError">java.lang.NoClassDefFoundError: Could not initialize class page.SearchQueryPage
	at tests.SearchSteps.A_Google_search_page(SearchSteps.java:43)
	at ✽.Given A Google search page(search.feature:17)
</error>
  </testcase>
  <testcase classname="| dogs | search |" name="When I enter the search term &quot;dogs&quot;" time="0">
    <skipped/>
  </testcase>
  <testcase classname="| dogs | search |" name="And I submit the search by pressing &quot;search&quot;" time="0">
    <skipped/>
  </testcase>
  <testcase classname="| dogs | search |" name="Then The search result page title should contain the search term" time="0">
    <skipped/>
  </testcase>
</testsuite>